This is pdfTeX, Version 3.14159265-2.6-1.40.21 (TeX Live 2020) (preloaded format=pdflatex 2021.2.20)  23 FEB 2021 15:03
entering extended mode
 restricted \write18 enabled.
 %&-line parsing enabled.
**index.tex
(./index.tex
LaTeX2e <2020-10-01> patch level 4
L3 programming layer <2021-02-18> (./IEEEtran.cls
Document Class: IEEEtran 2015/08/26 V1.8b by Michael Shell
-- See the "IEEEtran_HOWTO" manual for usage information.
-- http://www.michaelshell.org/tex/ieeetran/
\@IEEEtrantmpdimenA=\dimen138
\@IEEEtrantmpdimenB=\dimen139
\@IEEEtrantmpdimenC=\dimen140
\@IEEEtrantmpcountA=\count179
\@IEEEtrantmpcountB=\count180
\@IEEEtrantmpcountC=\count181
\@IEEEtrantmptoksA=\toks15
LaTeX Font Info:    Trying to load font information for OT1+ptm on input line 5
03.
(/usr/local/texlive/2020/texmf-dist/tex/latex/psnfss/ot1ptm.fd
File: ot1ptm.fd 2001/06/04 font definitions for OT1/ptm.
)
-- Using 8.5in x 11in (letter) paper.
-- Using PDF output.
\@IEEEnormalsizeunitybaselineskip=\dimen141
-- This is a 10 point document.
\CLASSINFOnormalsizebaselineskip=\dimen142
\CLASSINFOnormalsizeunitybaselineskip=\dimen143
\IEEEnormaljot=\dimen144
LaTeX Font Info:    Font shape `OT1/ptm/bx/n' in size <5> not available
(Font)              Font shape `OT1/ptm/b/n' tried instead on input line 1090.
LaTeX Font Info:    Font shape `OT1/ptm/bx/it' in size <5> not available
(Font)              Font shape `OT1/ptm/b/it' tried instead on input line 1090.

LaTeX Font Info:    Font shape `OT1/ptm/bx/n' in size <7> not available
(Font)              Font shape `OT1/ptm/b/n' tried instead on input line 1090.
LaTeX Font Info:    Font shape `OT1/ptm/bx/it' in size <7> not available
(Font)              Font shape `OT1/ptm/b/it' tried instead on input line 1090.

LaTeX Font Info:    Font shape `OT1/ptm/bx/n' in size <8> not available
(Font)              Font shape `OT1/ptm/b/n' tried instead on input line 1090.
LaTeX Font Info:    Font shape `OT1/ptm/bx/it' in size <8> not available
(Font)              Font shape `OT1/ptm/b/it' tried instead on input line 1090.

LaTeX Font Info:    Font shape `OT1/ptm/bx/n' in size <9> not available
(Font)              Font shape `OT1/ptm/b/n' tried instead on input line 1090.
LaTeX Font Info:    Font shape `OT1/ptm/bx/it' in size <9> not available
(Font)              Font shape `OT1/ptm/b/it' tried instead on input line 1090.

LaTeX Font Info:    Font shape `OT1/ptm/bx/n' in size <10> not available
(Font)              Font shape `OT1/ptm/b/n' tried instead on input line 1090.
LaTeX Font Info:    Font shape `OT1/ptm/bx/it' in size <10> not available
(Font)              Font shape `OT1/ptm/b/it' tried instead on input line 1090.

LaTeX Font Info:    Font shape `OT1/ptm/bx/n' in size <11> not available
(Font)              Font shape `OT1/ptm/b/n' tried instead on input line 1090.
LaTeX Font Info:    Font shape `OT1/ptm/bx/it' in size <11> not available
(Font)              Font shape `OT1/ptm/b/it' tried instead on input line 1090.

LaTeX Font Info:    Font shape `OT1/ptm/bx/n' in size <12> not available
(Font)              Font shape `OT1/ptm/b/n' tried instead on input line 1090.
LaTeX Font Info:    Font shape `OT1/ptm/bx/it' in size <12> not available
(Font)              Font shape `OT1/ptm/b/it' tried instead on input line 1090.

LaTeX Font Info:    Font shape `OT1/ptm/bx/n' in size <17> not available
(Font)              Font shape `OT1/ptm/b/n' tried instead on input line 1090.
LaTeX Font Info:    Font shape `OT1/ptm/bx/it' in size <17> not available
(Font)              Font shape `OT1/ptm/b/it' tried instead on input line 1090.

LaTeX Font Info:    Font shape `OT1/ptm/bx/n' in size <20> not available
(Font)              Font shape `OT1/ptm/b/n' tried instead on input line 1090.
LaTeX Font Info:    Font shape `OT1/ptm/bx/it' in size <20> not available
(Font)              Font shape `OT1/ptm/b/it' tried instead on input line 1090.

LaTeX Font Info:    Font shape `OT1/ptm/bx/n' in size <24> not available
(Font)              Font shape `OT1/ptm/b/n' tried instead on input line 1090.
LaTeX Font Info:    Font shape `OT1/ptm/bx/it' in size <24> not available
(Font)              Font shape `OT1/ptm/b/it' tried instead on input line 1090.

\IEEEquantizedlength=\dimen145
\IEEEquantizedlengthdiff=\dimen146
\IEEEquantizedtextheightdiff=\dimen147
\IEEEilabelindentA=\dimen148
\IEEEilabelindentB=\dimen149
\IEEEilabelindent=\dimen150
\IEEEelabelindent=\dimen151
\IEEEdlabelindent=\dimen152
\IEEElabelindent=\dimen153
\IEEEiednormlabelsep=\dimen154
\IEEEiedmathlabelsep=\dimen155
\IEEEiedtopsep=\skip47
\c@section=\count182
\c@subsection=\count183
\c@subsubsection=\count184
\c@paragraph=\count185
\c@IEEEsubequation=\count186
\abovecaptionskip=\skip48
\belowcaptionskip=\skip49
\c@figure=\count187
\c@table=\count188
\@IEEEeqnnumcols=\count189
\@IEEEeqncolcnt=\count190
\@IEEEsubeqnnumrollback=\count191
\@IEEEquantizeheightA=\dimen156
\@IEEEquantizeheightB=\dimen157
\@IEEEquantizeheightC=\dimen158
\@IEEEquantizeprevdepth=\dimen159
\@IEEEquantizemultiple=\count192
\@IEEEquantizeboxA=\box47
\@IEEEtmpitemindent=\dimen160
\IEEEPARstartletwidth=\dimen161
\c@IEEEbiography=\count193
\@IEEEtranrubishbin=\box48
) (/usr/local/texlive/2020/texmf-dist/tex/latex/amsmath/amsmath.sty
Package: amsmath 2020/09/23 v2.17i AMS math features
\@mathmargin=\skip50
For additional information on amsmath, use the `?' option.
(/usr/local/texlive/2020/texmf-dist/tex/latex/amsmath/amstext.sty
Package: amstext 2000/06/29 v2.01 AMS text
(/usr/local/texlive/2020/texmf-dist/tex/latex/amsmath/amsgen.sty
File: amsgen.sty 1999/11/30 v2.0 generic functions
\@emptytoks=\toks16
\ex@=\dimen162
)) (/usr/local/texlive/2020/texmf-dist/tex/latex/amsmath/amsbsy.sty
Package: amsbsy 1999/11/29 v1.2d Bold Symbols
\pmbraise@=\dimen163
) (/usr/local/texlive/2020/texmf-dist/tex/latex/amsmath/amsopn.sty
Package: amsopn 2016/03/08 v2.02 operator names
)
\inf@bad=\count194
LaTeX Info: Redefining \frac on input line 234.
\uproot@=\count195
\leftroot@=\count196
LaTeX Info: Redefining \overline on input line 399.
\classnum@=\count197
\DOTSCASE@=\count198
LaTeX Info: Redefining \ldots on input line 496.
LaTeX Info: Redefining \dots on input line 499.
LaTeX Info: Redefining \cdots on input line 620.
\Mathstrutbox@=\box49
\strutbox@=\box50
\big@size=\dimen164
LaTeX Font Info:    Redeclaring font encoding OML on input line 743.
LaTeX Font Info:    Redeclaring font encoding OMS on input line 744.
\macc@depth=\count199
\c@MaxMatrixCols=\count266
\dotsspace@=\muskip16
\c@parentequation=\count267
\dspbrk@lvl=\count268
\tag@help=\toks17
\row@=\count269
\column@=\count270
\maxfields@=\count271
\andhelp@=\toks18
\eqnshift@=\dimen165
\alignsep@=\dimen166
\tagshift@=\dimen167
\tagwidth@=\dimen168
\totwidth@=\dimen169
\lineht@=\dimen170
\@envbody=\toks19
\multlinegap=\skip51
\multlinetaggap=\skip52
\mathdisplay@stack=\toks20
LaTeX Info: Redefining \[ on input line 2923.
LaTeX Info: Redefining \] on input line 2924.
) (/usr/local/texlive/2020/texmf-dist/tex/latex/hyperref/hyperref.sty
Package: hyperref 2021-02-10 v7.00j Hypertext links for LaTeX
(/usr/local/texlive/2020/texmf-dist/tex/generic/ltxcmds/ltxcmds.sty
Package: ltxcmds 2020-05-10 v1.25 LaTeX kernel commands for general use (HO)
) (/usr/local/texlive/2020/texmf-dist/tex/generic/iftex/iftex.sty
Package: iftex 2020/03/06 v1.0d TeX engine tests
) (/usr/local/texlive/2020/texmf-dist/tex/generic/pdftexcmds/pdftexcmds.sty
Package: pdftexcmds 2020-06-27 v0.33 Utility functions of pdfTeX for LuaTeX (HO
)
(/usr/local/texlive/2020/texmf-dist/tex/generic/infwarerr/infwarerr.sty
Package: infwarerr 2019/12/03 v1.5 Providing info/warning/error messages (HO)
)
Package pdftexcmds Info: \pdf@primitive is available.
Package pdftexcmds Info: \pdf@ifprimitive is available.
Package pdftexcmds Info: \pdfdraftmode found.
) (/usr/local/texlive/2020/texmf-dist/tex/latex/graphics/keyval.sty
Package: keyval 2014/10/28 v1.15 key=value parser (DPC)
\KV@toks@=\toks21
) (/usr/local/texlive/2020/texmf-dist/tex/generic/kvsetkeys/kvsetkeys.sty
Package: kvsetkeys 2019/12/15 v1.18 Key value parser (HO)
) (/usr/local/texlive/2020/texmf-dist/tex/generic/kvdefinekeys/kvdefinekeys.sty
Package: kvdefinekeys 2019-12-19 v1.6 Define keys (HO)
) (/usr/local/texlive/2020/texmf-dist/tex/generic/pdfescape/pdfescape.sty
Package: pdfescape 2019/12/09 v1.15 Implements pdfTeX's escape features (HO)
) (/usr/local/texlive/2020/texmf-dist/tex/latex/hycolor/hycolor.sty
Package: hycolor 2020-01-27 v1.10 Color options for hyperref/bookmark (HO)
) (/usr/local/texlive/2020/texmf-dist/tex/latex/letltxmacro/letltxmacro.sty
Package: letltxmacro 2019/12/03 v1.6 Let assignment for LaTeX macros (HO)
) (/usr/local/texlive/2020/texmf-dist/tex/latex/auxhook/auxhook.sty
Package: auxhook 2019-12-17 v1.6 Hooks for auxiliary files (HO)
) (/usr/local/texlive/2020/texmf-dist/tex/latex/kvoptions/kvoptions.sty
Package: kvoptions 2020-10-07 v3.14 Key value format for package options (HO)
)
\@linkdim=\dimen171
\Hy@linkcounter=\count272
\Hy@pagecounter=\count273
(/usr/local/texlive/2020/texmf-dist/tex/latex/hyperref/pd1enc.def
File: pd1enc.def 2021-02-10 v7.00j Hyperref: PDFDocEncoding definition (HO)
Now handling font encoding PD1 ...
... no UTF-8 mapping file for font encoding PD1
)
(/usr/local/texlive/2020/texmf-dist/tex/latex/hyperref/hyperref-langpatches.def
File: hyperref-langpatches.def 2021-02-10 v7.00j Hyperref: patches for babel la
nguages
) (/usr/local/texlive/2020/texmf-dist/tex/generic/intcalc/intcalc.sty
Package: intcalc 2019/12/15 v1.3 Expandable calculations with integers (HO)
) (/usr/local/texlive/2020/texmf-dist/tex/generic/etexcmds/etexcmds.sty
Package: etexcmds 2019/12/15 v1.7 Avoid name clashes with e-TeX commands (HO)
)
\Hy@SavedSpaceFactor=\count274
(/usr/local/texlive/2020/texmf-dist/tex/latex/hyperref/puenc.def
File: puenc.def 2021-02-10 v7.00j Hyperref: PDF Unicode definition (HO)
Now handling font encoding PU ...
... no UTF-8 mapping file for font encoding PU
)
Package hyperref Info: Option `final' set `true' on input line 4073.
Package hyperref Info: Option `unicode' set `true' on input line 4073.
Package hyperref Info: Hyper figures OFF on input line 4192.
Package hyperref Info: Link nesting OFF on input line 4197.
Package hyperref Info: Hyper index ON on input line 4200.
Package hyperref Info: Plain pages OFF on input line 4207.
Package hyperref Info: Backreferencing OFF on input line 4212.
Package hyperref Info: Implicit mode ON; LaTeX internals redefined.
Package hyperref Info: Bookmarks ON on input line 4445.
\c@Hy@tempcnt=\count275
(/usr/local/texlive/2020/texmf-dist/tex/latex/url/url.sty
\Urlmuskip=\muskip17
Package: url 2013/09/16  ver 3.4  Verb mode for urls, etc.
)
LaTeX Info: Redefining \url on input line 4804.
\XeTeXLinkMargin=\dimen172
(/usr/local/texlive/2020/texmf-dist/tex/generic/bitset/bitset.sty
Package: bitset 2019/12/09 v1.3 Handle bit-vector datatype (HO)
(/usr/local/texlive/2020/texmf-dist/tex/generic/bigintcalc/bigintcalc.sty
Package: bigintcalc 2019/12/15 v1.5 Expandable calculations on big integers (HO
)
))
\Fld@menulength=\count276
\Field@Width=\dimen173
\Fld@charsize=\dimen174
Package hyperref Info: Hyper figures OFF on input line 6075.
Package hyperref Info: Link nesting OFF on input line 6080.
Package hyperref Info: Hyper index ON on input line 6083.
Package hyperref Info: backreferencing OFF on input line 6090.
Package hyperref Info: Link coloring OFF on input line 6095.
Package hyperref Info: Link coloring with OCG OFF on input line 6100.
Package hyperref Info: PDF/A mode OFF on input line 6105.
LaTeX Info: Redefining \ref on input line 6145.
LaTeX Info: Redefining \pageref on input line 6149.
(/usr/local/texlive/2020/texmf-dist/tex/latex/base/atbegshi-ltx.sty
Package: atbegshi-ltx 2020/08/17 v1.0a Emulation of the original atbegshi packa
ge
with kernel methods
)
\Hy@abspage=\count277
\c@Item=\count278
\c@Hfootnote=\count279
)
Package hyperref Info: Driver (autodetected): hpdftex.
(/usr/local/texlive/2020/texmf-dist/tex/latex/hyperref/hpdftex.def
File: hpdftex.def 2021-02-10 v7.00j Hyperref driver for pdfTeX
(/usr/local/texlive/2020/texmf-dist/tex/latex/base/atveryend-ltx.sty
Package: atveryend-ltx 2020/08/19 v1.0a Emulation of the original atvery packag
e
with kernel methods
)
\Fld@listcount=\count280
\c@bookmark@seq@number=\count281

(/usr/local/texlive/2020/texmf-dist/tex/latex/rerunfilecheck/rerunfilecheck.sty
Package: rerunfilecheck 2019/12/05 v1.9 Rerun checks for auxiliary files (HO)

(/usr/local/texlive/2020/texmf-dist/tex/generic/uniquecounter/uniquecounter.sty
Package: uniquecounter 2019/12/15 v1.4 Provide unlimited unique counter (HO)
)
Package uniquecounter Info: New unique counter `rerunfilecheck' on input line 2
86.
)
\Hy@SectionHShift=\skip53
)
Package hyperref Info: Option `colorlinks' set `true' on input line 327.
Package hyperref Info: Option `breaklinks' set `true' on input line 327.
\csllabelwidth=\skip54
\cslhangindent=\skip55
(/usr/local/texlive/2020/texmf-dist/tex/latex/tools/calc.sty
Package: calc 2017/05/25 v4.3 Infix arithmetic (KKT,FJ)
\calc@Acount=\count282
\calc@Bcount=\count283
\calc@Adimen=\dimen175
\calc@Bdimen=\dimen176
\calc@Askip=\skip56
\calc@Bskip=\skip57
LaTeX Info: Redefining \setlength on input line 80.
LaTeX Info: Redefining \addtolength on input line 81.
\calc@Ccount=\count284
\calc@Cskip=\skip58
) (/usr/local/texlive/2020/texmf-dist/tex/latex/caption/caption.sty
Package: caption 2020/10/26 v3.5g Customizing captions (AR)
(/usr/local/texlive/2020/texmf-dist/tex/latex/caption/caption3.sty
Package: caption3 2020/10/21 v2.2e caption3 kernel (AR)
\captionmargin=\dimen177
\captionmargin@=\dimen178
\captionwidth=\dimen179
\caption@tempdima=\dimen180
\caption@indent=\dimen181
\caption@parindent=\dimen182
\caption@hangindent=\dimen183
Package caption Info: Unknown document class (or package),
(caption)             standard defaults will be used.
Package caption Info: \@makecaption = \long macro:#1#2->\ifx \@captype \@IEEEta
blestring \footnotesize \bgroup \par \centering \@IEEEtabletopskipstrut {\norma
lfont \footnotesize #1}\\{\normalfont \footnotesize \scshape #2}\par \addvspace
 {0.5\baselineskip }\egroup \@IEEEtablecaptionsepspace \else \@IEEEfigurecaptio
nsepspace \setbox \@tempboxa \hbox {\normalfont \footnotesize {#1.}\nobreakspac
e \nobreakspace #2}\ifdim \wd \@tempboxa >\hsize \setbox \@tempboxa \hbox {\nor
malfont \footnotesize {#1.}\nobreakspace \nobreakspace }\parbox [t]{\hsize }{\n
ormalfont \footnotesize \noindent \unhbox \@tempboxa #2}\else \ifCLASSOPTIONcon
ference \hbox to\hsize {\normalfont \footnotesize \hfil \box \@tempboxa \hfil }
\else \hbox to\hsize {\normalfont \footnotesize \box \@tempboxa \hfil }\fi \fi 
\fi  on input line 1139.
)

Package caption Warning: Unknown document class (or package),
(caption)                standard defaults will be used.
See the caption package documentation for explanation.

\c@caption@flags=\count285
\c@continuedfloat=\count286
Package caption Info: hyperref package is loaded.
) (/usr/local/texlive/2020/texmf-dist/tex/latex/float/float.sty
Package: float 2001/11/08 v1.3d Float enhancements (AL)
\c@float@type=\count287
\float@exts=\toks22
\float@box=\box51
\@float@everytoks=\toks23
\@floatcapt=\box52
) (/usr/local/texlive/2020/texmf-dist/tex/latex/base/textcomp.sty
Package: textcomp 2020/02/02 v2.0n Standard LaTeX package
) (/usr/local/texlive/2020/texmf-dist/tex/latex/caption/subcaption.sty
Package: subcaption 2020/10/07 v1.3j Sub-captions (AR)
\c@subfigure=\count288
\c@subtable=\count289
) (/usr/local/texlive/2020/texmf-dist/tex/latex/graphics/graphicx.sty
Package: graphicx 2020/09/09 v1.2b Enhanced LaTeX Graphics (DPC,SPQR)
(/usr/local/texlive/2020/texmf-dist/tex/latex/graphics/graphics.sty
Package: graphics 2020/08/30 v1.4c Standard LaTeX Graphics (DPC,SPQR)
(/usr/local/texlive/2020/texmf-dist/tex/latex/graphics/trig.sty
Package: trig 2016/01/03 v1.10 sin cos tan (DPC)
) (/usr/local/texlive/2020/texmf-dist/tex/latex/graphics-cfg/graphics.cfg
File: graphics.cfg 2016/06/04 v1.11 sample graphics configuration
)
Package graphics Info: Driver file: pdftex.def on input line 105.
(/usr/local/texlive/2020/texmf-dist/tex/latex/graphics-def/pdftex.def
File: pdftex.def 2020/10/05 v1.2a Graphics/color driver for pdftex
))
\Gin@req@height=\dimen184
\Gin@req@width=\dimen185
) (/usr/local/texlive/2020/texmf-dist/tex/latex/booktabs/booktabs.sty
Package: booktabs 2020/01/12 v1.61803398 Publication quality tables
\heavyrulewidth=\dimen186
\lightrulewidth=\dimen187
\cmidrulewidth=\dimen188
\belowrulesep=\dimen189
\belowbottomsep=\dimen190
\aboverulesep=\dimen191
\abovetopsep=\dimen192
\cmidrulesep=\dimen193
\cmidrulekern=\dimen194
\defaultaddspace=\dimen195
\@cmidla=\count290
\@cmidlb=\count291
\@aboverulesep=\dimen196
\@belowrulesep=\dimen197
\@thisruleclass=\count292
\@lastruleclass=\count293
\@thisrulewidth=\dimen198
) (/usr/local/texlive/2020/texmf-dist/tex/latex/tools/longtable.sty
Package: longtable 2020/01/07 v4.13 Multi-page Table package (DPC)
\LTleft=\skip59
\LTright=\skip60
\LTpre=\skip61
\LTpost=\skip62
\LTchunksize=\count294
\LTcapwidth=\dimen199
\LT@head=\box53
\LT@firsthead=\box54
\LT@foot=\box55
\LT@lastfoot=\box56
\LT@cols=\count295
\LT@rows=\count296
\c@LT@tables=\count297
\c@LT@chunks=\count298
\LT@p@ftn=\toks24
) (/usr/local/texlive/2020/texmf-dist/tex/latex/tools/array.sty
Package: array 2020/10/01 v2.5c Tabular extension package (FMi)
\col@sep=\dimen256
\ar@mcellbox=\box57
\extrarowheight=\dimen257
\NC@list=\toks25
\extratabsurround=\skip63
\backup@length=\skip64
\ar@cellbox=\box58
) (/usr/local/texlive/2020/texmf-dist/tex/latex/multirow/multirow.sty
Package: multirow 2021/01/29 v2.7 Span multiple rows of a table
\multirow@colwidth=\skip65
\multirow@cntb=\count299
\multirow@dima=\skip66
\bigstrutjot=\dimen258
) (/usr/local/texlive/2020/texmf-dist/tex/latex/wrapfig/wrapfig.sty
\wrapoverhang=\dimen259
\WF@size=\dimen260
\c@WF@wrappedlines=\count300
\WF@box=\box59
\WF@everypar=\toks26
Package: wrapfig 2003/01/31  v 3.6
) (/usr/local/texlive/2020/texmf-dist/tex/latex/colortbl/colortbl.sty
Package: colortbl 2020/01/04 v1.0e Color table columns (DPC)
(/usr/local/texlive/2020/texmf-dist/tex/latex/graphics/color.sty
Package: color 2020/02/24 v1.2b Standard LaTeX Color (DPC)
(/usr/local/texlive/2020/texmf-dist/tex/latex/graphics-cfg/color.cfg
File: color.cfg 2016/01/02 v1.6 sample color configuration
)
Package color Info: Driver file: pdftex.def on input line 147.
)
\everycr=\toks27
\minrowclearance=\skip67
) (/usr/local/texlive/2020/texmf-dist/tex/latex/pdflscape/pdflscape.sty
Package: pdflscape 2019/12/05 v0.12 Display of landscape pages in PDF (HO)
(/usr/local/texlive/2020/texmf-dist/tex/latex/graphics/lscape.sty
Package: lscape 2020/05/28 v3.02 Landscape Pages (DPC)
)
Package pdflscape Info: Auto-detected driver: pdftex on input line 81.
) (/usr/local/texlive/2020/texmf-dist/tex/latex/tabu/tabu.sty
Package: tabu 2019/01/11 v2.9 - flexible LaTeX tabulars (FC+tabu-fixed)
(/usr/local/texlive/2020/texmf-dist/tex/latex/varwidth/varwidth.sty
Package: varwidth 2009/03/30 ver 0.92;  Variable-width minipages
\@vwid@box=\box60
\sift@deathcycles=\count301
\@vwid@loff=\dimen261
\@vwid@roff=\dimen262
)
\c@taburow=\count302
\tabu@nbcols=\count303
\tabu@cnt=\count304
\tabu@Xcol=\count305
\tabu@alloc=\count306
\tabu@nested=\count307
\tabu@target=\dimen263
\tabu@spreadtarget=\dimen264
\tabu@naturalX=\dimen265
\tabucolX=\dimen266
\tabu@Xsum=\dimen267
\extrarowdepth=\dimen268
\abovetabulinesep=\dimen269
\belowtabulinesep=\dimen270
\tabustrutrule=\dimen271
\tabu@thebody=\toks28
\tabu@footnotes=\toks29
\tabu@box=\box61
\tabu@arstrutbox=\box62
\tabu@hleads=\box63
\tabu@vleads=\box64
\tabu@cellskip=\skip68
)
(/usr/local/texlive/2020/texmf-dist/tex/latex/threeparttable/threeparttable.sty
Package: threeparttable 2003/06/13  v 3.0
\@tempboxb=\box65
)
(/usr/local/texlive/2020/texmf-dist/tex/latex/threeparttablex/threeparttablex.s
ty
Package: threeparttablex 2013/07/23 v0.3 by daleif
(/usr/local/texlive/2020/texmf-dist/tex/latex/environ/environ.sty
Package: environ 2014/05/04 v0.3 A new way to define environments
(/usr/local/texlive/2020/texmf-dist/tex/latex/trimspaces/trimspaces.sty
Package: trimspaces 2009/09/17 v1.1 Trim spaces around a token list
))
\TPTL@width=\skip69
) (/usr/local/texlive/2020/texmf-dist/tex/generic/ulem/ulem.sty
\UL@box=\box66
\UL@hyphenbox=\box67
\UL@skip=\skip70
\UL@hook=\toks30
\UL@height=\dimen272
\UL@pe=\count308
\UL@pixel=\dimen273
\ULC@box=\box68
Package: ulem 2019/11/18
\ULdepth=\dimen274
) (/usr/local/texlive/2020/texmf-dist/tex/latex/makecell/makecell.sty
Package: makecell 2009/08/03 V0.1e Managing of Tab Column Heads and Cells
\rotheadsize=\dimen275
\c@nlinenum=\count309
\TeXr@lab=\toks31
) (/usr/local/texlive/2020/texmf-dist/tex/latex/xcolor/xcolor.sty
Package: xcolor 2016/05/11 v2.12 LaTeX color extensions (UK)
(/usr/local/texlive/2020/texmf-dist/tex/latex/graphics-cfg/color.cfg
File: color.cfg 2016/01/02 v1.6 sample color configuration
)
Package xcolor Info: Driver file: pdftex.def on input line 225.
LaTeX Info: Redefining \color on input line 709.
Package xcolor Info: Model `cmy' substituted by `cmy0' on input line 1348.
Package xcolor Info: Model `hsb' substituted by `rgb' on input line 1352.
Package xcolor Info: Model `RGB' extended on input line 1364.
Package xcolor Info: Model `HTML' substituted by `rgb' on input line 1366.
Package xcolor Info: Model `Hsb' substituted by `hsb' on input line 1367.
Package xcolor Info: Model `tHsb' substituted by `hsb' on input line 1368.
Package xcolor Info: Model `HSB' substituted by `hsb' on input line 1369.
Package xcolor Info: Model `Gray' substituted by `gray' on input line 1370.
Package xcolor Info: Model `wave' substituted by `hsb' on input line 1371.
) (/usr/local/texlive/2020/texmf-dist/tex/latex/l3backend/l3backend-pdftex.def
File: l3backend-pdftex.def 2021-02-18 L3 backend support: PDF output (pdfTeX)
\l__color_backend_stack_int=\count310
\l__pdf_internal_box=\box69
) (./index.aux)
\openout1 = `index.aux'.

LaTeX Font Info:    Checking defaults for OML/cmm/m/it on input line 391.
LaTeX Font Info:    ... okay on input line 391.
LaTeX Font Info:    Checking defaults for OMS/cmsy/m/n on input line 391.
LaTeX Font Info:    ... okay on input line 391.
LaTeX Font Info:    Checking defaults for OT1/cmr/m/n on input line 391.
LaTeX Font Info:    ... okay on input line 391.
LaTeX Font Info:    Checking defaults for T1/cmr/m/n on input line 391.
LaTeX Font Info:    ... okay on input line 391.
LaTeX Font Info:    Checking defaults for TS1/cmr/m/n on input line 391.
LaTeX Font Info:    ... okay on input line 391.
LaTeX Font Info:    Checking defaults for OMX/cmex/m/n on input line 391.
LaTeX Font Info:    ... okay on input line 391.
LaTeX Font Info:    Checking defaults for U/cmr/m/n on input line 391.
LaTeX Font Info:    ... okay on input line 391.
LaTeX Font Info:    Checking defaults for PD1/pdf/m/n on input line 391.
LaTeX Font Info:    ... okay on input line 391.
LaTeX Font Info:    Checking defaults for PU/pdf/m/n on input line 391.
LaTeX Font Info:    ... okay on input line 391.
-- Lines per column: 56 (exact).
Package hyperref Info: Link coloring ON on input line 391.
(/usr/local/texlive/2020/texmf-dist/tex/latex/hyperref/nameref.sty
Package: nameref 2021-04-02 v2.47 Cross-referencing by name of section
(/usr/local/texlive/2020/texmf-dist/tex/latex/refcount/refcount.sty
Package: refcount 2019/12/15 v3.6 Data extraction from label references (HO)
)
(/usr/local/texlive/2020/texmf-dist/tex/generic/gettitlestring/gettitlestring.s
ty
Package: gettitlestring 2019/12/15 v1.6 Cleanup title references (HO)
)
\c@section@level=\count311
)
LaTeX Info: Redefining \ref on input line 391.
LaTeX Info: Redefining \pageref on input line 391.
LaTeX Info: Redefining \nameref on input line 391.
(./index.out) (./index.out)
\@outlinefile=\write3
\openout3 = `index.out'.

Package caption Info: Begin \AtBeginDocument code.
Package caption Info: float package is loaded.
Package caption Info: longtable package is loaded.
(/usr/local/texlive/2020/texmf-dist/tex/latex/caption/ltcaption.sty
Package: ltcaption 2020/05/30 v1.4b longtable captions (AR)
)
Package caption Info: threeparttable package is loaded.
Package caption Info: wrapfig package is loaded.
Package caption Info: End \AtBeginDocument code.
(/usr/local/texlive/2020/texmf-dist/tex/context/base/mkii/supp-pdf.mkii
[Loading MPS to PDF converter (version 2006.09.02).]
\scratchcounter=\count312
\scratchdimen=\dimen276
\scratchbox=\box70
\nofMPsegments=\count313
\nofMParguments=\count314
\everyMPshowfont=\toks32
\MPscratchCnt=\count315
\MPscratchDim=\dimen277
\MPnumerator=\count316
\makeMPintoPDFobject=\count317
\everyMPtoPDFconversion=\toks33
) (/usr/local/texlive/2020/texmf-dist/tex/latex/epstopdf-pkg/epstopdf-base.sty
Package: epstopdf-base 2020-01-24 v2.11 Base part for package epstopdf
Package epstopdf-base Info: Redefining graphics rule for `.eps' on input line 4
85.
(/usr/local/texlive/2020/texmf-dist/tex/latex/latexconfig/epstopdf-sys.cfg
File: epstopdf-sys.cfg 2010/07/13 v1.3 Configuration of (r)epstopdf for TeX Liv
e
))
LaTeX Font Info:    Trying to load font information for TS1+ptm on input line 5
61.
(/usr/local/texlive/2020/texmf-dist/tex/latex/psnfss/ts1ptm.fd
File: ts1ptm.fd 2001/06/04 font definitions for TS1/ptm.
) [1{/usr/local/texlive/2020/texmf-var/fonts/map/pdftex/updmap/pdftex.map}


] [2]
<Figures/Machine-probeta.jpg, id=148, 1372.12625pt x 686.565pt>
File: Figures/Machine-probeta.jpg Graphic file (type jpg)
<use Figures/Machine-probeta.jpg>
Package pdftex.def Info: Figures/Machine-probeta.jpg  used on input line 823.
(pdftex.def)             Requested size: 226.79846pt x 113.47737pt.
[3 <./Figures/Machine-probeta.jpg>]
<Figures/Methodology.pdf, id=177, 313.17pt x 284.02109pt>
File: Figures/Methodology.pdf Graphic file (type pdf)
<use Figures/Methodology.pdf>
Package pdftex.def Info: Figures/Methodology.pdf  used on input line 888.
(pdftex.def)             Requested size: 201.60077pt x 182.84332pt.

LaTeX Warning: Reference `table.phase1' on page 4 undefined on input line 901.

<Figures/Probetas-Fase-1.jpg, id=178, 803.0pt x 740.7675pt>
File: Figures/Probetas-Fase-1.jpg Graphic file (type jpg)
<use Figures/Probetas-Fase-1.jpg>
Package pdftex.def Info: Figures/Probetas-Fase-1.jpg  used on input line 942.
(pdftex.def)             Requested size: 206.39685pt x 190.40218pt.
<Figures/Phase-1-2.jpg, id=179, 1806.75pt x 1806.75pt>
File: Figures/Phase-1-2.jpg Graphic file (type jpg)
<use Figures/Phase-1-2.jpg>
Package pdftex.def Info: Figures/Phase-1-2.jpg  used on input line 945.
(pdftex.def)             Requested size: 206.39685pt x 206.37965pt.

LaTeX Warning: Reference `fig:phase-1' on page 4 undefined on input line 981.

[4 <./Figures/Methodology.pdf>]

LaTeX Warning: Reference `fig:phase-1' on page 5 undefined on input line 1006.

<Figures/Probetas-Fase-2.jpg, id=214, 883.3pt x 915.42pt>
File: Figures/Probetas-Fase-2.jpg Graphic file (type jpg)
<use Figures/Probetas-Fase-2.jpg>
Package pdftex.def Info: Figures/Probetas-Fase-2.jpg  used on input line 1034.
(pdftex.def)             Requested size: 201.60077pt x 208.92186pt.
<Figures/Phase-2.jpg, id=217, 1505.625pt x 1505.625pt>
File: Figures/Phase-2.jpg Graphic file (type jpg)
<use Figures/Phase-2.jpg>
Package pdftex.def Info: Figures/Phase-2.jpg  used on input line 1050.
(pdftex.def)             Requested size: 252.0pt x 252.00134pt.
[5 <./Figures/Probetas-Fase-1.jpg> <./Figures/Phase-1-2.jpg> <./Figures/Probeta
s-Fase-2.jpg>]
Underfull \vbox (badness 1314) has occurred while \output is active []

<Figures/Phase-3.jpg, id=230, 1505.625pt x 1505.625pt>
File: Figures/Phase-3.jpg Graphic file (type jpg)
<use Figures/Phase-3.jpg>
Package pdftex.def Info: Figures/Phase-3.jpg  used on input line 1113.
(pdftex.def)             Requested size: 252.0pt x 252.00134pt.
[6 <./Figures/Phase-2.jpg> <./Figures/Phase-3.jpg>]
Overfull \hbox (2.29996pt too wide) in paragraph at lines 1241--1248
[][] [] 
 []


Overfull \hbox (2.29996pt too wide) in paragraph at lines 1249--1256
[][][] [] 
 []


Overfull \hbox (2.29996pt too wide) in paragraph at lines 1257--1264
[][][] [] 
 []

[7]
Underfull \hbox (badness 3000) in paragraph at lines 1271--1271
\OT1/ptm/m/n/10 man-u-fac-tur-ers adopt ad-di-tive man-u-fac-tur-ing tech-
 []


Underfull \hbox (badness 4872) in paragraph at lines 1271--1271
\OT1/ptm/m/n/10 nolo-gies: The role of sus-tain-abil-ity,'' \OT1/ptm/m/it/10 J.
 Clean.
 []


Underfull \hbox (badness 4001) in paragraph at lines 1271--1271
\OT1/ptm/m/it/10 Prod.\OT1/ptm/m/n/10 , vol. 222, pp. 381--392, Jun. 2019, doi:

 []


Overfull \hbox (2.29996pt too wide) in paragraph at lines 1265--1272
[][][] [] 
 []


Overfull \hbox (2.29996pt too wide) in paragraph at lines 1273--1280
[][][] [] 
 []


Underfull \hbox (badness 4266) in paragraph at lines 1287--1287
\OT1/ptm/m/n/10 and J. Rodriguez-Hernandez, ``Poly-mers for ad-
 []


Underfull \hbox (badness 5403) in paragraph at lines 1287--1287
\OT1/ptm/m/n/10 di-tive man-u-fac-tur-ing and 4D-printing: Ma-te-ri-als,
 []


Overfull \hbox (2.29996pt too wide) in paragraph at lines 1281--1288
[][][] [] 
 []


Underfull \hbox (badness 1675) in paragraph at lines 1295--1295
\OT1/ptm/m/n/10 Monnery, and A. Lau-rent, ``Global en-vi-ron-men-tal
 []


Overfull \hbox (2.29996pt too wide) in paragraph at lines 1289--1296
[][][] [] 
 []


Overfull \hbox (2.29996pt too wide) in paragraph at lines 1297--1303
[][][] [] 
 []


Overfull \hbox (2.29996pt too wide) in paragraph at lines 1304--1311
[][][] [] 
 []


Overfull \hbox (2.29996pt too wide) in paragraph at lines 1312--1318
[][][] [] 
 []


Overfull \hbox (2.29996pt too wide) in paragraph at lines 1319--1325
[][][] [] 
 []


Overfull \hbox (2.29996pt too wide) in paragraph at lines 1326--1331
[][][] [] 
 []


Overfull \hbox (2.29996pt too wide) in paragraph at lines 1332--1339
[][][] [] 
 []


Overfull \hbox (2.29996pt too wide) in paragraph at lines 1340--1346
[][][] [] 
 []


Overfull \hbox (2.29996pt too wide) in paragraph at lines 1347--1354
[][][] [] 
 []


Underfull \vbox (badness 10000) has occurred while \output is active []


Overfull \hbox (2.29996pt too wide) in paragraph at lines 1355--1362
[][][] [] 
 []


Overfull \hbox (2.29996pt too wide) in paragraph at lines 1363--1370
[][][] [] 
 []


Overfull \hbox (2.29996pt too wide) in paragraph at lines 1371--1379
[][][] [] 
 []


Overfull \hbox (2.29996pt too wide) in paragraph at lines 1380--1387
[][][] [] 
 []


Overfull \hbox (2.29996pt too wide) in paragraph at lines 1388--1395
[][][] [] 
 []


Overfull \hbox (2.29996pt too wide) in paragraph at lines 1396--1404
[][][] [] 
 []


Overfull \hbox (2.29996pt too wide) in paragraph at lines 1405--1410
[][][] [] 
 []


Underfull \hbox (badness 1997) in paragraph at lines 1417--1417
\OT1/ptm/m/it/10 Polym.\OT1/ptm/m/n/10 , vol. 207, pp. 297--316, Mar. 2019, doi
:
 []


Overfull \hbox (2.29996pt too wide) in paragraph at lines 1411--1418
[][][] [] 
 []


Overfull \hbox (2.29996pt too wide) in paragraph at lines 1419--1426
[][][] [] 
 []


Underfull \hbox (badness 5374) in paragraph at lines 1433--1433
\OT1/ptm/m/n/10 and J. M. Pearce, ``Plas-tic re-cy-cling in ad-di-
 []


Underfull \hbox (badness 3849) in paragraph at lines 1433--1433
\OT1/ptm/m/n/10 and op-por-tu-ni-ties for the cir-cu-lar econ-omy,'' \OT1/ptm/m
/it/10 J.
 []


Overfull \hbox (2.29996pt too wide) in paragraph at lines 1427--1434
[][][] [] 
 []


Overfull \hbox (2.29996pt too wide) in paragraph at lines 1435--1442
[][][] [] 
 []


Underfull \vbox (badness 10000) has occurred while \output is active []

[8]
Overfull \hbox (2.29996pt too wide) in paragraph at lines 1443--1450
[][][] [] 
 []


Underfull \hbox (badness 1728) in paragraph at lines 1458--1458
\OT1/ptm/m/n/10 Fer-rando, J. Del-gado Gordillo, J. Ram[]on Blasco
 []


Underfull \hbox (badness 1796) in paragraph at lines 1458--1458
\OT1/ptm/m/n/10 shown through case stud-ies,'' \OT1/ptm/m/it/10 Int. J. Prod. R
es.\OT1/ptm/m/n/10 ,
 []


Underfull \hbox (badness 1762) in paragraph at lines 1458--1458
\OT1/ptm/m/n/10 vol. 49, no. 4, pp. 1061--1079, Feb. 2011, doi:
 []


Overfull \hbox (2.29996pt too wide) in paragraph at lines 1451--1459
[][][] [] 
 []


Overfull \hbox (2.29996pt too wide) in paragraph at lines 1460--1468
[][][] [] 
 []


Overfull \hbox (2.29996pt too wide) in paragraph at lines 1469--1476
[][][] [] 
 []


Underfull \hbox (badness 10000) in paragraph at lines 1483--1483
\OT1/ptm/m/n/10 A. Vairis, and J. Kecha-gias, ``Sus-tain-able
 []


Underfull \hbox (badness 7415) in paragraph at lines 1483--1483
\OT1/ptm/m/n/10 ad-di-tive man-u-fac-tur-ing: Me-chan-i-cal re-sponse of
 []


Underfull \hbox (badness 3058) in paragraph at lines 1483--1483
\OT1/ptm/m/n/10 pro-cesses,'' \OT1/ptm/m/it/10 Sus-tain.\OT1/ptm/m/n/10 , vol. 
12, no. 9, 2020, doi:
 []


Overfull \hbox (2.29996pt too wide) in paragraph at lines 1477--1484
[][][] [] 
 []


Overfull \hbox (2.29996pt too wide) in paragraph at lines 1485--1491
[][][] [] 
 []


Overfull \hbox (2.29996pt too wide) in paragraph at lines 1492--1499
[][][] [] 
 []


Overfull \hbox (2.29996pt too wide) in paragraph at lines 1500--1508
[][][] [] 
 []


Overfull \hbox (2.29996pt too wide) in paragraph at lines 1509--1516
[][][] [] 
 []


Underfull \hbox (badness 3039) in paragraph at lines 1523--1523
\OT1/ptm/m/n/10 (FDM) tech-nolo-gies,'' \OT1/ptm/m/it/10 Int. J. Adv. Manuf. Te
ch-
 []


Overfull \hbox (2.29996pt too wide) in paragraph at lines 1517--1524
[][][] [] 
 []


Overfull \hbox (2.29996pt too wide) in paragraph at lines 1525--1532
[][][] [] 
 []


Underfull \hbox (badness 2762) in paragraph at lines 1539--1539
\OT1/ptm/m/n/10 printed PCL/PLA parts,'' \OT1/ptm/m/it/10 Com-pos. Part A Appl.

 []


Overfull \hbox (2.29996pt too wide) in paragraph at lines 1533--1540
[][][] [] 
 []


Overfull \hbox (2.29996pt too wide) in paragraph at lines 1541--1545
[][][] [] 
 []


Overfull \hbox (2.29996pt too wide) in paragraph at lines 1546--1554
[][][] [] 
 []


Overfull \hbox (2.29996pt too wide) in paragraph at lines 1555--1563
[][][] [] 
 []


Overfull \hbox (2.29996pt too wide) in paragraph at lines 1564--1571
[][][] [] 
 []


Overfull \hbox (2.29996pt too wide) in paragraph at lines 1572--1579
[][][] [] 
 []


Overfull \hbox (2.29996pt too wide) in paragraph at lines 1580--1588
[][][] [] 
 []


Overfull \hbox (2.29996pt too wide) in paragraph at lines 1589--1596
[][][] [] 
 []


Overfull \hbox (2.29996pt too wide) in paragraph at lines 1597--1604
[][][] [] 
 []


Underfull \hbox (badness 5592) in paragraph at lines 1611--1611
\OT1/ptm/m/n/10 pol-icy anal-y-sis, and emerg-ing coun-ter-mea-sures,''
 []


Overfull \hbox (2.29996pt too wide) in paragraph at lines 1605--1612
[][][] [] 
 []


Overfull \hbox (2.29996pt too wide) in paragraph at lines 1613--1620
[][][] [] 
 []


** Conference Paper **
Before submitting the final camera ready copy, remember to:

 1. Manually equalize the lengths of two columns on the last page
 of your paper;

 2. Ensure that any PostScript and/or PDF output post-processing
 uses only Type 1 fonts and that every step in the generation
 process uses the appropriate paper size.

[9] (./index.aux)

LaTeX Warning: There were undefined references.

Package rerunfilecheck Info: File `index.out' has not changed.
(rerunfilecheck)             Checksum: AB3AEC1D9194DEA4F83EBB55FCA313B8;2441.
 ) 
Here is how much of TeX's memory you used:
 12798 strings out of 479023
 197254 string characters out of 5859412
 535300 words of memory out of 5000000
 29965 multiletter control sequences out of 15000+600000
 439545 words of font info for 90 fonts, out of 8000000 for 9000
 1144 hyphenation exceptions out of 8191
 71i,11n,74p,342b,507s stack positions out of 5000i,500n,10000p,200000b,80000s
pdfTeX warning (dest): name{ref-ref} has been referenced but does not exist, 
replaced by a fixed one

{/usr/local/texlive/2020/texmf-dist/fonts/enc/dvips/base/8r.enc}</usr/local/tex
live/2020/texmf-dist/fonts/type1/urw/times/utmb8a.pfb></usr/local/texlive/2020/
texmf-dist/fonts/type1/urw/times/utmbi8a.pfb></usr/local/texlive/2020/texmf-dis
t/fonts/type1/urw/times/utmr8a.pfb></usr/local/texlive/2020/texmf-dist/fonts/ty
pe1/urw/times/utmri8a.pfb>
Output written on index.pdf (9 pages, 1265300 bytes).
PDF statistics:
 356 PDF objects out of 1000 (max. 8388607)
 326 compressed objects within 4 object streams
 99 named destinations out of 1000 (max. 500000)
 156 words of extra memory for PDF output out of 10000 (max. 10000000)

